<?xml version="1.0" encoding="UTF-8"?>
<!-- Generated by org.testng.reporters.JUnitReportReporter -->
<testsuite hostname="DELL-PC" name="basicSelenium.FileUploadAutoIt"
	tests="1" failures="0" timestamp="22 Nov 2015 14:15:07 GMT" time="41.484"
	errors="0">
	<testcase name="fileUpload" time="41.484"
		classname="basicSelenium.FileUploadAutoIt" />
</testsuite> <!-- basicSelenium.FileUploadAutoIt -->
