<?xml version="1.0" encoding="UTF-8"?>
<!-- Generated by org.testng.reporters.JUnitReportReporter -->
<testsuite hostname="DELL-PC" name="myPackage.testNG" tests="2" failures="0" timestamp="24 Oct 2015 14:08:06 GMT" time="6.102" errors="0">
  <testcase name="testRegister" time="2.462" classname="myPackage.testNG"/>
  <testcase name="testSUPPORT" time="3.640" classname="myPackage.testNG"/>
</testsuite> <!-- myPackage.testNG -->
