<?xml version="1.0" encoding="UTF-8"?>
<!-- Generated by org.testng.reporters.JUnitReportReporter -->
<testsuite hostname="DELL-PC" name="Grid.GridEx" tests="1"
	failures="0" timestamp="12 Aug 2017 07:57:20 GMT" time="4.445" errors="0">
	<testcase name="gridTest" time="4.445" classname="Grid.GridEx" />
</testsuite> <!-- Grid.GridEx -->
