<?xml version="1.0" encoding="UTF-8"?>
<!-- Generated by org.testng.reporters.JUnitReportReporter -->
<testsuite hostname="DELL-PC" name="TestNGPac.TestXMLParameters" tests="2" failures="0" timestamp="25 Mar 2016 05:03:01 GMT" time="0.010" errors="0">
  <testcase name="oneParemeter" time="0.010" classname="TestNGPac.TestXMLParameters"/>
  <testcase name="twoParemeters" time="0.000" classname="TestNGPac.TestXMLParameters"/>
</testsuite> <!-- TestNGPac.TestXMLParameters -->
