<?xml version="1.0" encoding="UTF-8"?>
<!-- Generated by org.testng.reporters.JUnitReportReporter -->
<testsuite hostname="DELL-PC" name="TestNGPac.TestDataProvider" tests="12" failures="0" timestamp="6 Sep 2017 16:57:10 GMT" time="0.060" errors="0">
  <testcase name="testProviderFromOtherClass" time="0.010" classname="TestNGPac.TestDataProvider"/>
  <testcase name="testProviderFromSameClass" time="0.010" classname="TestNGPac.TestDataProvider"/>
  <testcase name="test3ProviderFromSameClass" time="0.010" classname="TestNGPac.TestDataProvider"/>
  <testcase name="testProviderFromSameClass" time="0.000" classname="TestNGPac.TestDataProvider"/>
  <testcase name="testProviderFromOtherClass" time="0.000" classname="TestNGPac.TestDataProvider"/>
  <testcase name="testProviderFromOtherClassLan" time="0.000" classname="TestNGPac.TestDataProvider"/>
  <testcase name="test3ProviderFromSameClass" time="0.020" classname="TestNGPac.TestDataProvider"/>
  <testcase name="testProviderFromOtherClassLan" time="0.010" classname="TestNGPac.TestDataProvider"/>
  <testcase name="testProviderFromSameClass" time="0.000" classname="TestNGPac.TestDataProvider"/>
  <testcase name="test3ProviderFromSameClass" time="0.000" classname="TestNGPac.TestDataProvider"/>
  <testcase name="testProviderFromOtherClass" time="0.000" classname="TestNGPac.TestDataProvider"/>
  <testcase name="testProviderFromOtherClassLan" time="0.000" classname="TestNGPac.TestDataProvider"/>
</testsuite> <!-- TestNGPac.TestDataProvider -->
