<?xml version="1.0" encoding="UTF-8"?>
<!-- Generated by org.testng.reporters.JUnitReportReporter -->
<testsuite hostname="DELL-PC" name="TestNGPac.testParameters" tests="2" failures="0" timestamp="24 Oct 2015 15:31:53 GMT" time="0.022" errors="0">
  <testcase name="oneParemeter" time="0.019" classname="TestNGPac.testParameters"/>
  <testcase name="twoParemeters" time="0.003" classname="TestNGPac.testParameters"/>
</testsuite> <!-- TestNGPac.testParameters -->
