<?xml version="1.0" encoding="UTF-8"?>
<!-- Generated by org.testng.reporters.JUnitReportReporter -->
<testsuite hostname="DELL-PC" name="TestNGPac.ExcludeMethodAndGroup" tests="2" failures="0" timestamp="15 Oct 2017 14:46:00 GMT" time="0.010" errors="0">
  <testcase name="addLocationTestCase" time="0.010" classname="TestNGPac.ExcludeMethodAndGroup"/>
  <testcase name="addDepartmentTestCase" time="0.000" classname="TestNGPac.ExcludeMethodAndGroup"/>
</testsuite> <!-- TestNGPac.ExcludeMethodAndGroup -->
