<?xml version="1.0" encoding="UTF-8"?>
<!-- Generated by org.testng.reporters.JUnitReportReporter -->
<testsuite hostname="DELL-PC" name="TestNGPac.MultiLanguageTest" tests="6" failures="0" timestamp="21 Oct 2017 07:29:07 GMT" time="0.012" errors="0">
  <testcase name="test1" time="0.002" classname="TestNGPac.MultiLanguageTest"/>
  <testcase name="test2" time="0.001" classname="TestNGPac.MultiLanguageTest"/>
  <testcase name="test1" time="0.005" classname="TestNGPac.MultiLanguageTest"/>
  <testcase name="test2" time="0.001" classname="TestNGPac.MultiLanguageTest"/>
  <testcase name="test1" time="0.001" classname="TestNGPac.MultiLanguageTest"/>
  <testcase name="test2" time="0.002" classname="TestNGPac.MultiLanguageTest"/>
</testsuite> <!-- TestNGPac.MultiLanguageTest -->
